[     537ms] [WARNING] Something has shimmed the React DevTools global hook (__REACT_DEVTOOLS_GLOBAL_HOOK__). Fast Refresh is not compatible with this shim and will be disabled. @ http://localhost:3000/_next/static/chunks/node_modules_next_dist_compiled_a0e4c7b4._.js:534
[     727ms] [ERROR] Failed to load resource: the server responded with a status of 401 (Unauthorized) @ http://localhost:3000/api/auth/me:0
[ 1597876ms] [WARNING] Something has shimmed the React DevTools global hook (__REACT_DEVTOOLS_GLOBAL_HOOK__). Fast Refresh is not compatible with this shim and will be disabled. @ http://localhost:3000/_next/static/chunks/node_modules_next_dist_compiled_a0e4c7b4._.js:534
[ 1875973ms] [ERROR] WebSocket connection to 'ws://localhost:3000/_next/webpack-hmr?id=rNiUcr6sl2zP_f-992ssa' failed: Error in connection establishment: net::ERR_CONNECTION_REFUSED @ http://localhost:3000/_next/static/chunks/node_modules_next_dist_client_17643121._.js:10878
[ 1879337ms] [ERROR] WebSocket connection to 'ws://localhost:3000/_next/webpack-hmr?id=rNiUcr6sl2zP_f-992ssa' failed: Error in connection establishment: net::ERR_CONNECTION_REFUSED @ http://localhost:3000/_next/static/chunks/node_modules_next_dist_client_17643121._.js:10878
[ 1882715ms] [ERROR] WebSocket connection to 'ws://localhost:3000/_next/webpack-hmr?id=rNiUcr6sl2zP_f-992ssa' failed: Error in connection establishment: net::ERR_CONNECTION_REFUSED @ http://localhost:3000/_next/static/chunks/node_modules_next_dist_client_17643121._.js:10878
[ 1886071ms] [ERROR] WebSocket connection to 'ws://localhost:3000/_next/webpack-hmr?id=rNiUcr6sl2zP_f-992ssa' failed: Error in connection establishment: net::ERR_CONNECTION_REFUSED @ http://localhost:3000/_next/static/chunks/node_modules_next_dist_client_17643121._.js:10878
[ 1889412ms] [ERROR] WebSocket connection to 'ws://localhost:3000/_next/webpack-hmr?id=rNiUcr6sl2zP_f-992ssa' failed: Error in connection establishment: net::ERR_CONNECTION_REFUSED @ http://localhost:3000/_next/static/chunks/node_modules_next_dist_client_17643121._.js:10878
[ 1896785ms] [ERROR] WebSocket connection to 'ws://localhost:3000/_next/webpack-hmr?id=rNiUcr6sl2zP_f-992ssa' failed: Error in connection establishment: net::ERR_CONNECTION_REFUSED @ http://localhost:3000/_next/static/chunks/node_modules_next_dist_client_17643121._.js:10878
[ 1900388ms] [ERROR] Failed to load resource: net::ERR_CONNECTION_REFUSED @ http://localhost:3000/api/notifications?unread=true:0
[ 1904162ms] [ERROR] WebSocket connection to 'ws://localhost:3000/_next/webpack-hmr?id=rNiUcr6sl2zP_f-992ssa' failed: Error in connection establishment: net::ERR_CONNECTION_REFUSED @ http://localhost:3000/_next/static/chunks/node_modules_next_dist_client_17643121._.js:10878
[ 1911539ms] [ERROR] WebSocket connection to 'ws://localhost:3000/_next/webpack-hmr?id=rNiUcr6sl2zP_f-992ssa' failed: Error in connection establishment: net::ERR_CONNECTION_REFUSED @ http://localhost:3000/_next/static/chunks/node_modules_next_dist_client_17643121._.js:10878
[ 1918894ms] [ERROR] WebSocket connection to 'ws://localhost:3000/_next/webpack-hmr?id=rNiUcr6sl2zP_f-992ssa' failed: Error in connection establishment: net::ERR_CONNECTION_REFUSED @ http://localhost:3000/_next/static/chunks/node_modules_next_dist_client_17643121._.js:10878
[ 1926296ms] [ERROR] WebSocket connection to 'ws://localhost:3000/_next/webpack-hmr?id=rNiUcr6sl2zP_f-992ssa' failed: Error in connection establishment: net::ERR_CONNECTION_REFUSED @ http://localhost:3000/_next/static/chunks/node_modules_next_dist_client_17643121._.js:10878
[ 1930386ms] [ERROR] Failed to load resource: net::ERR_CONNECTION_REFUSED @ http://localhost:3000/api/notifications?unread=true:0
[ 1933688ms] [ERROR] WebSocket connection to 'ws://localhost:3000/_next/webpack-hmr?id=rNiUcr6sl2zP_f-992ssa' failed: Error in connection establishment: net::ERR_CONNECTION_REFUSED @ http://localhost:3000/_next/static/chunks/node_modules_next_dist_client_17643121._.js:10878
[ 1943429ms] [WARNING] Something has shimmed the React DevTools global hook (__REACT_DEVTOOLS_GLOBAL_HOOK__). Fast Refresh is not compatible with this shim and will be disabled. @ http://localhost:3000/_next/static/chunks/node_modules_next_dist_compiled_a0e4c7b4._.js:534
[ 4497083ms] [WARNING] Something has shimmed the React DevTools global hook (__REACT_DEVTOOLS_GLOBAL_HOOK__). Fast Refresh is not compatible with this shim and will be disabled. @ http://localhost:3000/_next/static/chunks/node_modules_next_dist_compiled_a0e4c7b4._.js:534
[ 4719980ms] [WARNING] Something has shimmed the React DevTools global hook (__REACT_DEVTOOLS_GLOBAL_HOOK__). Fast Refresh is not compatible with this shim and will be disabled. @ http://localhost:3000/_next/static/chunks/node_modules_next_dist_compiled_a0e4c7b4._.js:534
[ 4722187ms] [ERROR] Failed to load resource: the server responded with a status of 404 (Not Found) @ http://localhost:3000/api/articles?page=1&limit=30:0
[ 4722275ms] [ERROR] Failed to load resource: the server responded with a status of 404 (Not Found) @ http://localhost:3000/api/articles?page=1&limit=30:0
[ 4779692ms] [WARNING] Something has shimmed the React DevTools global hook (__REACT_DEVTOOLS_GLOBAL_HOOK__). Fast Refresh is not compatible with this shim and will be disabled. @ http://localhost:3000/_next/static/chunks/node_modules_next_dist_compiled_a0e4c7b4._.js:534
[ 5194534ms] [WARNING] Something has shimmed the React DevTools global hook (__REACT_DEVTOOLS_GLOBAL_HOOK__). Fast Refresh is not compatible with this shim and will be disabled. @ http://localhost:3000/_next/static/chunks/node_modules_next_dist_compiled_a0e4c7b4._.js:534
[ 6498777ms] [WARNING] Something has shimmed the React DevTools global hook (__REACT_DEVTOOLS_GLOBAL_HOOK__). Fast Refresh is not compatible with this shim and will be disabled. @ http://localhost:3000/_next/static/chunks/node_modules_next_dist_compiled_a0e4c7b4._.js:534
[ 7226285ms] [WARNING] Something has shimmed the React DevTools global hook (__REACT_DEVTOOLS_GLOBAL_HOOK__). Fast Refresh is not compatible with this shim and will be disabled. @ http://localhost:3000/_next/static/chunks/node_modules_next_dist_compiled_a0e4c7b4._.js:534
[ 7490377ms] [WARNING] Something has shimmed the React DevTools global hook (__REACT_DEVTOOLS_GLOBAL_HOOK__). Fast Refresh is not compatible with this shim and will be disabled. @ http://localhost:3000/_next/static/chunks/node_modules_next_dist_compiled_a0e4c7b4._.js:534
[ 8757537ms] [WARNING] Something has shimmed the React DevTools global hook (__REACT_DEVTOOLS_GLOBAL_HOOK__). Fast Refresh is not compatible with this shim and will be disabled. @ http://localhost:3000/_next/static/chunks/node_modules_next_dist_compiled_a0e4c7b4._.js:534
[ 9002821ms] [WARNING] Something has shimmed the React DevTools global hook (__REACT_DEVTOOLS_GLOBAL_HOOK__). Fast Refresh is not compatible with this shim and will be disabled. @ http://localhost:3000/_next/static/chunks/node_modules_next_dist_compiled_a0e4c7b4._.js:534
[ 9476410ms] [WARNING] Something has shimmed the React DevTools global hook (__REACT_DEVTOOLS_GLOBAL_HOOK__). Fast Refresh is not compatible with this shim and will be disabled. @ http://localhost:3000/_next/static/chunks/node_modules_next_dist_compiled_a0e4c7b4._.js:534
[10000151ms] [WARNING] Something has shimmed the React DevTools global hook (__REACT_DEVTOOLS_GLOBAL_HOOK__). Fast Refresh is not compatible with this shim and will be disabled. @ http://localhost:3000/_next/static/chunks/node_modules_next_dist_compiled_a0e4c7b4._.js:534
[10230140ms] [WARNING] Something has shimmed the React DevTools global hook (__REACT_DEVTOOLS_GLOBAL_HOOK__). Fast Refresh is not compatible with this shim and will be disabled. @ http://localhost:3000/_next/static/chunks/node_modules_next_dist_compiled_a0e4c7b4._.js:534
[10316108ms] [WARNING] Something has shimmed the React DevTools global hook (__REACT_DEVTOOLS_GLOBAL_HOOK__). Fast Refresh is not compatible with this shim and will be disabled. @ http://localhost:3000/_next/static/chunks/node_modules_next_dist_compiled_a0e4c7b4._.js:534
[10414891ms] [WARNING] Something has shimmed the React DevTools global hook (__REACT_DEVTOOLS_GLOBAL_HOOK__). Fast Refresh is not compatible with this shim and will be disabled. @ http://localhost:3000/_next/static/chunks/node_modules_next_dist_compiled_a0e4c7b4._.js:534
[10699654ms] [WARNING] Something has shimmed the React DevTools global hook (__REACT_DEVTOOLS_GLOBAL_HOOK__). Fast Refresh is not compatible with this shim and will be disabled. @ http://localhost:3000/_next/static/chunks/node_modules_next_dist_compiled_a0e4c7b4._.js:534
